<?xml version="1.0" encoding="UTF-8"?>
<coverage generated="1775666297571" clover="3.2.0">
  <project timestamp="1775666297571" name="All files">
    <metrics statements="112" coveredstatements="112" conditionals="82" coveredconditionals="80" methods="23" coveredmethods="23" elements="217" coveredelements="215" complexity="0" loc="112" ncloc="112" packages="1" files="1" classes="1"/>
    <file name="detection-logic.js" path="/home/runner/work/Reddit_AI_BotBuster/Reddit_AI_BotBuster/tests/detection-logic.js">
      <metrics statements="112" coveredstatements="112" conditionals="82" coveredconditionals="80" methods="23" coveredmethods="23"/>
      <line num="17" count="3" type="stmt"/>
      <line num="18" count="3" type="stmt"/>
      <line num="19" count="3" type="stmt"/>
      <line num="20" count="3" type="stmt"/>
      <line num="21" count="3" type="stmt"/>
      <line num="23" count="3" type="stmt"/>
      <line num="31" count="3" type="stmt"/>
      <line num="36" count="3" type="stmt"/>
      <line num="48" count="2372" type="stmt"/>
      <line num="49" count="2372" type="cond" truecount="2" falsecount="0"/>
      <line num="50" count="1395" type="stmt"/>
      <line num="51" count="1395" type="stmt"/>
      <line num="52" count="1395" type="stmt"/>
      <line num="53" count="1395" type="cond" truecount="1" falsecount="1"/>
      <line num="63" count="42" type="stmt"/>
      <line num="64" count="42" type="cond" truecount="2" falsecount="0"/>
      <line num="65" count="2364" type="stmt"/>
      <line num="66" count="40" type="cond" truecount="3" falsecount="1"/>
      <line num="67" count="2361" type="stmt"/>
      <line num="68" count="40" type="stmt"/>
      <line num="77" count="9" type="stmt"/>
      <line num="98" count="42" type="cond" truecount="2" falsecount="0"/>
      <line num="99" count="42" type="stmt"/>
      <line num="100" count="42" type="stmt"/>
      <line num="101" count="42" type="stmt"/>
      <line num="102" count="2497" type="stmt"/>
      <line num="103" count="42" type="stmt"/>
      <line num="105" count="42" type="cond" truecount="2" falsecount="0"/>
      <line num="108" count="40" type="cond" truecount="2" falsecount="0"/>
      <line num="109" count="3" type="stmt"/>
      <line num="113" count="37" type="stmt"/>
      <line num="130" count="37" type="stmt"/>
      <line num="131" count="1369" type="cond" truecount="2" falsecount="0"/>
      <line num="132" count="37" type="cond" truecount="2" falsecount="0"/>
      <line num="133" count="5" type="stmt"/>
      <line num="134" count="5" type="stmt"/>
      <line num="135" count="5" type="stmt"/>
      <line num="139" count="37" type="stmt"/>
      <line num="146" count="343" type="cond" truecount="2" falsecount="0"/>
      <line num="147" count="5" type="stmt"/>
      <line num="148" count="5" type="stmt"/>
      <line num="152" count="37" type="stmt"/>
      <line num="153" count="37" type="stmt"/>
      <line num="160" count="483" type="cond" truecount="2" falsecount="0"/>
      <line num="161" count="4" type="stmt"/>
      <line num="162" count="4" type="stmt"/>
      <line num="166" count="37" type="stmt"/>
      <line num="167" count="37" type="cond" truecount="5" falsecount="0"/>
      <line num="168" count="10" type="stmt"/>
      <line num="169" count="10" type="stmt"/>
      <line num="173" count="37" type="stmt"/>
      <line num="181" count="37" type="stmt"/>
      <line num="182" count="52936" type="cond" truecount="2" falsecount="0"/>
      <line num="183" count="37" type="cond" truecount="4" falsecount="0"/>
      <line num="184" count="4" type="stmt"/>
      <line num="185" count="4" type="stmt"/>
      <line num="186" count="4" type="stmt"/>
      <line num="190" count="37" type="stmt"/>
      <line num="191" count="37" type="cond" truecount="5" falsecount="0"/>
      <line num="192" count="4" type="stmt"/>
      <line num="193" count="4" type="stmt"/>
      <line num="197" count="255" type="stmt"/>
      <line num="198" count="37" type="cond" truecount="2" falsecount="0"/>
      <line num="199" count="207" type="stmt"/>
      <line num="200" count="207" type="stmt"/>
      <line num="201" count="207" type="stmt"/>
      <line num="202" count="32" type="cond" truecount="4" falsecount="0"/>
      <line num="203" count="14" type="stmt"/>
      <line num="204" count="14" type="stmt"/>
      <line num="206" count="32" type="cond" truecount="2" falsecount="0"/>
      <line num="207" count="1" type="stmt"/>
      <line num="208" count="1" type="stmt"/>
      <line num="213" count="37" type="cond" truecount="4" falsecount="0"/>
      <line num="214" count="1" type="stmt"/>
      <line num="215" count="1" type="stmt"/>
      <line num="219" count="37" type="cond" truecount="2" falsecount="0"/>
      <line num="220" count="2" type="stmt"/>
      <line num="221" count="2" type="stmt"/>
      <line num="225" count="37" type="stmt"/>
      <line num="226" count="37" type="cond" truecount="4" falsecount="0"/>
      <line num="227" count="29" type="stmt"/>
      <line num="228" count="29" type="stmt"/>
      <line num="232" count="37" type="stmt"/>
      <line num="239" count="370" type="stmt"/>
      <line num="240" count="37" type="cond" truecount="2" falsecount="0"/>
      <line num="241" count="4" type="stmt"/>
      <line num="242" count="4" type="stmt"/>
      <line num="243" count="4" type="stmt"/>
      <line num="247" count="37" type="stmt"/>
      <line num="253" count="407" type="stmt"/>
      <line num="254" count="37" type="cond" truecount="2" falsecount="0"/>
      <line num="255" count="4" type="stmt"/>
      <line num="256" count="4" type="stmt"/>
      <line num="257" count="4" type="stmt"/>
      <line num="261" count="37" type="stmt"/>
      <line num="262" count="37" type="stmt"/>
      <line num="263" count="37" type="cond" truecount="2" falsecount="0"/>
      <line num="265" count="37" type="cond" truecount="2" falsecount="0"/>
      <line num="266" count="2" type="stmt"/>
      <line num="267" count="2" type="stmt"/>
      <line num="270" count="37" type="stmt"/>
      <line num="283" count="10" type="stmt"/>
      <line num="284" count="50" type="cond" truecount="2" falsecount="0"/>
      <line num="285" count="10" type="stmt"/>
      <line num="286" count="10" type="cond" truecount="4" falsecount="0"/>
      <line num="287" count="10" type="stmt"/>
      <line num="297" count="9" type="cond" truecount="2" falsecount="0"/>
      <line num="298" count="9" type="cond" truecount="2" falsecount="0"/>
      <line num="299" count="6" type="cond" truecount="2" falsecount="0"/>
      <line num="300" count="3" type="cond" truecount="2" falsecount="0"/>
      <line num="301" count="1" type="stmt"/>
      <line num="307" count="3" type="stmt"/>
    </file>
  </project>
</coverage>
