{"/home/runner/work/Reddit_AI_BotBuster/Reddit_AI_BotBuster/tests/detection-logic.js": {"path":"/home/runner/work/Reddit_AI_BotBuster/Reddit_AI_BotBuster/tests/detection-logic.js","statementMap":{"0":{"start":{"line":17,"column":30},"end":{"line":17,"column":33}},"1":{"start":{"line":18,"column":30},"end":{"line":18,"column":33}},"2":{"start":{"line":19,"column":30},"end":{"line":19,"column":33}},"3":{"start":{"line":20,"column":30},"end":{"line":20,"column":33}},"4":{"start":{"line":21,"column":40},"end":{"line":21,"column":42}},"5":{"start":{"line":23,"column":31},"end":{"line":29,"column":1}},"6":{"start":{"line":31,"column":25},"end":{"line":34,"column":1}},"7":{"start":{"line":36,"column":22},"end":{"line":36,"column":117}},"8":{"start":{"line":48,"column":4},"end":{"line":48,"column":30}},"9":{"start":{"line":49,"column":4},"end":{"line":49,"column":35}},"10":{"start":{"line":49,"column":26},"end":{"line":49,"column":35}},"11":{"start":{"line":50,"column":4},"end":{"line":50,"column":64}},"12":{"start":{"line":51,"column":4},"end":{"line":51,"column":34}},"13":{"start":{"line":52,"column":20},"end":{"line":52,"column":47}},"14":{"start":{"line":53,"column":4},"end":{"line":53,"column":40}},"15":{"start":{"line":63,"column":28},"end":{"line":63,"column":56}},"16":{"start":{"line":64,"column":4},"end":{"line":64,"column":38}},"17":{"start":{"line":64,"column":26},"end":{"line":64,"column":38}},"18":{"start":{"line":65,"column":18},"end":{"line":65,"column":61}},"19":{"start":{"line":65,"column":48},"end":{"line":65,"column":60}},"20":{"start":{"line":66,"column":4},"end":{"line":66,"column":72}},"21":{"start":{"line":66,"column":60},"end":{"line":66,"column":72}},"22":{"start":{"line":67,"column":26},"end":{"line":67,"column":84}},"23":{"start":{"line":67,"column":54},"end":{"line":67,"column":80}},"24":{"start":{"line":68,"column":4},"end":{"line":68,"column":109}},"25":{"start":{"line":77,"column":4},"end":{"line":82,"column":32}},"26":{"start":{"line":98,"column":4},"end":{"line":98,"column":41}},"27":{"start":{"line":99,"column":16},"end":{"line":99,"column":17}},"28":{"start":{"line":100,"column":20},"end":{"line":100,"column":22}},"29":{"start":{"line":101,"column":22},"end":{"line":101,"column":40}},"30":{"start":{"line":102,"column":18},"end":{"line":102,"column":66}},"31":{"start":{"line":102,"column":53},"end":{"line":102,"column":65}},"32":{"start":{"line":103,"column":22},"end":{"line":103,"column":34}},"33":{"start":{"line":105,"column":4},"end":{"line":105,"column":86}},"34":{"start":{"line":105,"column":53},"end":{"line":105,"column":86}},"35":{"start":{"line":108,"column":4},"end":{"line":110,"column":5}},"36":{"start":{"line":109,"column":8},"end":{"line":109,"column":77}},"37":{"start":{"line":113,"column":31},"end":{"line":129,"column":5}},"38":{"start":{"line":130,"column":31},"end":{"line":130,"column":32}},"39":{"start":{"line":131,"column":4},"end":{"line":131,"column":102}},"40":{"start":{"line":131,"column":43},"end":{"line":131,"column":98}},"41":{"start":{"line":131,"column":75},"end":{"line":131,"column":98}},"42":{"start":{"line":132,"column":4},"end":{"line":136,"column":5}},"43":{"start":{"line":133,"column":23},"end":{"line":133,"column":64}},"44":{"start":{"line":134,"column":8},"end":{"line":134,"column":24}},"45":{"start":{"line":135,"column":8},"end":{"line":135,"column":67}},"46":{"start":{"line":139,"column":29},"end":{"line":145,"column":5}},"47":{"start":{"line":146,"column":4},"end":{"line":149,"column":5}},"48":{"start":{"line":146,"column":40},"end":{"line":146,"column":66}},"49":{"start":{"line":147,"column":8},"end":{"line":147,"column":21}},"50":{"start":{"line":148,"column":8},"end":{"line":148,"column":49}},"51":{"start":{"line":152,"column":25},"end":{"line":152,"column":46}},"52":{"start":{"line":153,"column":32},"end":{"line":159,"column":5}},"53":{"start":{"line":160,"column":4},"end":{"line":163,"column":5}},"54":{"start":{"line":160,"column":43},"end":{"line":160,"column":74}},"55":{"start":{"line":161,"column":8},"end":{"line":161,"column":21}},"56":{"start":{"line":162,"column":8},"end":{"line":162,"column":52}},"57":{"start":{"line":166,"column":25},"end":{"line":166,"column":163}},"58":{"start":{"line":167,"column":4},"end":{"line":170,"column":5}},"59":{"start":{"line":168,"column":8},"end":{"line":168,"column":21}},"60":{"start":{"line":169,"column":8},"end":{"line":169,"column":50}},"61":{"start":{"line":173,"column":32},"end":{"line":180,"column":5}},"62":{"start":{"line":181,"column":27},"end":{"line":181,"column":28}},"63":{"start":{"line":182,"column":4},"end":{"line":182,"column":112}},"64":{"start":{"line":182,"column":28},"end":{"line":182,"column":108}},"65":{"start":{"line":182,"column":65},"end":{"line":182,"column":86}},"66":{"start":{"line":182,"column":89},"end":{"line":182,"column":108}},"67":{"start":{"line":183,"column":4},"end":{"line":187,"column":5}},"68":{"start":{"line":184,"column":23},"end":{"line":184,"column":45}},"69":{"start":{"line":185,"column":8},"end":{"line":185,"column":24}},"70":{"start":{"line":186,"column":8},"end":{"line":186,"column":67}},"71":{"start":{"line":190,"column":28},"end":{"line":190,"column":139}},"72":{"start":{"line":191,"column":4},"end":{"line":194,"column":5}},"73":{"start":{"line":191,"column":81},"end":{"line":191,"column":102}},"74":{"start":{"line":192,"column":8},"end":{"line":192,"column":21}},"75":{"start":{"line":193,"column":8},"end":{"line":193,"column":54}},"76":{"start":{"line":197,"column":25},"end":{"line":197,"column":90}},"77":{"start":{"line":197,"column":55},"end":{"line":197,"column":63}},"78":{"start":{"line":197,"column":77},"end":{"line":197,"column":89}},"79":{"start":{"line":198,"column":4},"end":{"line":210,"column":5}},"80":{"start":{"line":199,"column":24},"end":{"line":199,"column":68}},"81":{"start":{"line":199,"column":46},"end":{"line":199,"column":67}},"82":{"start":{"line":200,"column":20},"end":{"line":200,"column":71}},"83":{"start":{"line":200,"column":45},"end":{"line":200,"column":50}},"84":{"start":{"line":201,"column":25},"end":{"line":201,"column":95}},"85":{"start":{"line":201,"column":50},"end":{"line":201,"column":74}},"86":{"start":{"line":202,"column":8},"end":{"line":205,"column":9}},"87":{"start":{"line":203,"column":12},"end":{"line":203,"column":25}},"88":{"start":{"line":204,"column":12},"end":{"line":204,"column":57}},"89":{"start":{"line":206,"column":8},"end":{"line":209,"column":9}},"90":{"start":{"line":207,"column":12},"end":{"line":207,"column":25}},"91":{"start":{"line":208,"column":12},"end":{"line":208,"column":64}},"92":{"start":{"line":213,"column":4},"end":{"line":216,"column":5}},"93":{"start":{"line":214,"column":8},"end":{"line":214,"column":21}},"94":{"start":{"line":215,"column":8},"end":{"line":215,"column":73}},"95":{"start":{"line":219,"column":4},"end":{"line":222,"column":5}},"96":{"start":{"line":220,"column":8},"end":{"line":220,"column":21}},"97":{"start":{"line":221,"column":8},"end":{"line":221,"column":47}},"98":{"start":{"line":225,"column":24},"end":{"line":225,"column":53}},"99":{"start":{"line":226,"column":4},"end":{"line":229,"column":5}},"100":{"start":{"line":227,"column":8},"end":{"line":227,"column":22}},"101":{"start":{"line":228,"column":8},"end":{"line":228,"column":55}},"102":{"start":{"line":232,"column":26},"end":{"line":238,"column":5}},"103":{"start":{"line":239,"column":25},"end":{"line":239,"column":90}},"104":{"start":{"line":239,"column":56},"end":{"line":239,"column":82}},"105":{"start":{"line":240,"column":4},"end":{"line":244,"column":5}},"106":{"start":{"line":241,"column":23},"end":{"line":241,"column":41}},"107":{"start":{"line":242,"column":8},"end":{"line":242,"column":24}},"108":{"start":{"line":243,"column":8},"end":{"line":243,"column":67}},"109":{"start":{"line":247,"column":26},"end":{"line":252,"column":5}},"110":{"start":{"line":253,"column":25},"end":{"line":253,"column":90}},"111":{"start":{"line":253,"column":56},"end":{"line":253,"column":82}},"112":{"start":{"line":254,"column":4},"end":{"line":258,"column":5}},"113":{"start":{"line":255,"column":23},"end":{"line":255,"column":41}},"114":{"start":{"line":256,"column":8},"end":{"line":256,"column":24}},"115":{"start":{"line":257,"column":8},"end":{"line":257,"column":67}},"116":{"start":{"line":261,"column":32},"end":{"line":261,"column":64}},"117":{"start":{"line":262,"column":32},"end":{"line":262,"column":62}},"118":{"start":{"line":263,"column":26},"end":{"line":264,"column":80}},"119":{"start":{"line":265,"column":4},"end":{"line":268,"column":5}},"120":{"start":{"line":266,"column":8},"end":{"line":266,"column":21}},"121":{"start":{"line":267,"column":8},"end":{"line":267,"column":55}},"122":{"start":{"line":270,"column":4},"end":{"line":270,"column":50}},"123":{"start":{"line":283,"column":16},"end":{"line":283,"column":17}},"124":{"start":{"line":284,"column":4},"end":{"line":284,"column":93}},"125":{"start":{"line":284,"column":48},"end":{"line":284,"column":89}},"126":{"start":{"line":284,"column":76},"end":{"line":284,"column":89}},"127":{"start":{"line":285,"column":19},"end":{"line":285,"column":40}},"128":{"start":{"line":286,"column":4},"end":{"line":286,"column":72}},"129":{"start":{"line":286,"column":59},"end":{"line":286,"column":72}},"130":{"start":{"line":287,"column":4},"end":{"line":287,"column":17}},"131":{"start":{"line":297,"column":4},"end":{"line":297,"column":75}},"132":{"start":{"line":298,"column":4},"end":{"line":298,"column":69}},"133":{"start":{"line":298,"column":55},"end":{"line":298,"column":69}},"134":{"start":{"line":299,"column":4},"end":{"line":299,"column":69}},"135":{"start":{"line":299,"column":55},"end":{"line":299,"column":69}},"136":{"start":{"line":300,"column":4},"end":{"line":300,"column":68}},"137":{"start":{"line":300,"column":55},"end":{"line":300,"column":68}},"138":{"start":{"line":301,"column":4},"end":{"line":301,"column":17}},"139":{"start":{"line":307,"column":0},"end":{"line":322,"column":2}}},"fnMap":{"0":{"name":"countSyllables","decl":{"start":{"line":47,"column":9},"end":{"line":47,"column":23}},"loc":{"start":{"line":47,"column":30},"end":{"line":54,"column":1}},"line":47},"1":{"name":"computeReadabilityScore","decl":{"start":{"line":62,"column":9},"end":{"line":62,"column":32}},"loc":{"start":{"line":62,"column":39},"end":{"line":69,"column":1}},"line":62},"2":{"name":"(anonymous_2)","decl":{"start":{"line":65,"column":43},"end":{"line":65,"column":44}},"loc":{"start":{"line":65,"column":48},"end":{"line":65,"column":60}},"line":65},"3":{"name":"(anonymous_3)","decl":{"start":{"line":67,"column":39},"end":{"line":67,"column":40}},"loc":{"start":{"line":67,"column":54},"end":{"line":67,"column":80}},"line":67},"4":{"name":"escapeHTML","decl":{"start":{"line":76,"column":9},"end":{"line":76,"column":19}},"loc":{"start":{"line":76,"column":25},"end":{"line":83,"column":1}},"line":76},"5":{"name":"computeAIScore","decl":{"start":{"line":97,"column":9},"end":{"line":97,"column":23}},"loc":{"start":{"line":97,"column":46},"end":{"line":271,"column":1}},"line":97},"6":{"name":"(anonymous_6)","decl":{"start":{"line":102,"column":48},"end":{"line":102,"column":49}},"loc":{"start":{"line":102,"column":53},"end":{"line":102,"column":65}},"line":102},"7":{"name":"(anonymous_7)","decl":{"start":{"line":131,"column":31},"end":{"line":131,"column":32}},"loc":{"start":{"line":131,"column":41},"end":{"line":131,"column":100}},"line":131},"8":{"name":"(anonymous_8)","decl":{"start":{"line":146,"column":30},"end":{"line":146,"column":31}},"loc":{"start":{"line":146,"column":40},"end":{"line":146,"column":66}},"line":146},"9":{"name":"(anonymous_9)","decl":{"start":{"line":160,"column":33},"end":{"line":160,"column":34}},"loc":{"start":{"line":160,"column":43},"end":{"line":160,"column":74}},"line":160},"10":{"name":"(anonymous_10)","decl":{"start":{"line":182,"column":18},"end":{"line":182,"column":19}},"loc":{"start":{"line":182,"column":26},"end":{"line":182,"column":110}},"line":182},"11":{"name":"(anonymous_11)","decl":{"start":{"line":182,"column":57},"end":{"line":182,"column":58}},"loc":{"start":{"line":182,"column":65},"end":{"line":182,"column":86}},"line":182},"12":{"name":"(anonymous_12)","decl":{"start":{"line":191,"column":76},"end":{"line":191,"column":77}},"loc":{"start":{"line":191,"column":81},"end":{"line":191,"column":102}},"line":191},"13":{"name":"(anonymous_13)","decl":{"start":{"line":197,"column":50},"end":{"line":197,"column":51}},"loc":{"start":{"line":197,"column":55},"end":{"line":197,"column":63}},"line":197},"14":{"name":"(anonymous_14)","decl":{"start":{"line":197,"column":72},"end":{"line":197,"column":73}},"loc":{"start":{"line":197,"column":77},"end":{"line":197,"column":89}},"line":197},"15":{"name":"(anonymous_15)","decl":{"start":{"line":199,"column":41},"end":{"line":199,"column":42}},"loc":{"start":{"line":199,"column":46},"end":{"line":199,"column":67}},"line":199},"16":{"name":"(anonymous_16)","decl":{"start":{"line":200,"column":35},"end":{"line":200,"column":36}},"loc":{"start":{"line":200,"column":45},"end":{"line":200,"column":50}},"line":200},"17":{"name":"(anonymous_17)","decl":{"start":{"line":201,"column":40},"end":{"line":201,"column":41}},"loc":{"start":{"line":201,"column":50},"end":{"line":201,"column":74}},"line":201},"18":{"name":"(anonymous_18)","decl":{"start":{"line":239,"column":46},"end":{"line":239,"column":47}},"loc":{"start":{"line":239,"column":56},"end":{"line":239,"column":82}},"line":239},"19":{"name":"(anonymous_19)","decl":{"start":{"line":253,"column":46},"end":{"line":253,"column":47}},"loc":{"start":{"line":253,"column":56},"end":{"line":253,"column":82}},"line":253},"20":{"name":"computeUsernameBotScore","decl":{"start":{"line":282,"column":9},"end":{"line":282,"column":32}},"loc":{"start":{"line":282,"column":43},"end":{"line":288,"column":1}},"line":282},"21":{"name":"(anonymous_21)","decl":{"start":{"line":284,"column":35},"end":{"line":284,"column":36}},"loc":{"start":{"line":284,"column":46},"end":{"line":284,"column":91}},"line":284},"22":{"name":"getAIConfidenceTier","decl":{"start":{"line":296,"column":9},"end":{"line":296,"column":28}},"loc":{"start":{"line":296,"column":49},"end":{"line":302,"column":1}},"line":296}},"branchMap":{"0":{"loc":{"start":{"line":49,"column":4},"end":{"line":49,"column":35}},"type":"if","locations":[{"start":{"line":49,"column":4},"end":{"line":49,"column":35}},{"start":{},"end":{}}],"line":49},"1":{"loc":{"start":{"line":53,"column":11},"end":{"line":53,"column":39}},"type":"cond-expr","locations":[{"start":{"line":53,"column":21},"end":{"line":53,"column":35}},{"start":{"line":53,"column":38},"end":{"line":53,"column":39}}],"line":53},"2":{"loc":{"start":{"line":64,"column":4},"end":{"line":64,"column":38}},"type":"if","locations":[{"start":{"line":64,"column":4},"end":{"line":64,"column":38}},{"start":{},"end":{}}],"line":64},"3":{"loc":{"start":{"line":66,"column":4},"end":{"line":66,"column":72}},"type":"if","locations":[{"start":{"line":66,"column":4},"end":{"line":66,"column":72}},{"start":{},"end":{}}],"line":66},"4":{"loc":{"start":{"line":66,"column":8},"end":{"line":66,"column":58}},"type":"binary-expr","locations":[{"start":{"line":66,"column":8},"end":{"line":66,"column":26}},{"start":{"line":66,"column":30},"end":{"line":66,"column":58}}],"line":66},"5":{"loc":{"start":{"line":98,"column":21},"end":{"line":98,"column":40}},"type":"binary-expr","locations":[{"start":{"line":98,"column":21},"end":{"line":98,"column":35}},{"start":{"line":98,"column":39},"end":{"line":98,"column":40}}],"line":98},"6":{"loc":{"start":{"line":105,"column":4},"end":{"line":105,"column":86}},"type":"if","locations":[{"start":{"line":105,"column":4},"end":{"line":105,"column":86}},{"start":{},"end":{}}],"line":105},"7":{"loc":{"start":{"line":108,"column":4},"end":{"line":110,"column":5}},"type":"if","locations":[{"start":{"line":108,"column":4},"end":{"line":110,"column":5}},{"start":{},"end":{}}],"line":108},"8":{"loc":{"start":{"line":131,"column":43},"end":{"line":131,"column":98}},"type":"if","locations":[{"start":{"line":131,"column":43},"end":{"line":131,"column":98}},{"start":{},"end":{}}],"line":131},"9":{"loc":{"start":{"line":132,"column":4},"end":{"line":136,"column":5}},"type":"if","locations":[{"start":{"line":132,"column":4},"end":{"line":136,"column":5}},{"start":{},"end":{}}],"line":132},"10":{"loc":{"start":{"line":146,"column":4},"end":{"line":149,"column":5}},"type":"if","locations":[{"start":{"line":146,"column":4},"end":{"line":149,"column":5}},{"start":{},"end":{}}],"line":146},"11":{"loc":{"start":{"line":160,"column":4},"end":{"line":163,"column":5}},"type":"if","locations":[{"start":{"line":160,"column":4},"end":{"line":163,"column":5}},{"start":{},"end":{}}],"line":160},"12":{"loc":{"start":{"line":167,"column":4},"end":{"line":170,"column":5}},"type":"if","locations":[{"start":{"line":167,"column":4},"end":{"line":170,"column":5}},{"start":{},"end":{}}],"line":167},"13":{"loc":{"start":{"line":167,"column":8},"end":{"line":167,"column":83}},"type":"binary-expr","locations":[{"start":{"line":167,"column":8},"end":{"line":167,"column":22}},{"start":{"line":167,"column":27},"end":{"line":167,"column":40}},{"start":{"line":167,"column":44},"end":{"line":167,"column":82}}],"line":167},"14":{"loc":{"start":{"line":182,"column":28},"end":{"line":182,"column":108}},"type":"if","locations":[{"start":{"line":182,"column":28},"end":{"line":182,"column":108}},{"start":{},"end":{}}],"line":182},"15":{"loc":{"start":{"line":183,"column":4},"end":{"line":187,"column":5}},"type":"if","locations":[{"start":{"line":183,"column":4},"end":{"line":187,"column":5}},{"start":{},"end":{}}],"line":183},"16":{"loc":{"start":{"line":183,"column":8},"end":{"line":183,"column":61}},"type":"binary-expr","locations":[{"start":{"line":183,"column":8},"end":{"line":183,"column":22}},{"start":{"line":183,"column":26},"end":{"line":183,"column":61}}],"line":183},"17":{"loc":{"start":{"line":191,"column":4},"end":{"line":194,"column":5}},"type":"if","locations":[{"start":{"line":191,"column":4},"end":{"line":194,"column":5}},{"start":{},"end":{}}],"line":191},"18":{"loc":{"start":{"line":191,"column":8},"end":{"line":191,"column":103}},"type":"binary-expr","locations":[{"start":{"line":191,"column":8},"end":{"line":191,"column":22}},{"start":{"line":191,"column":26},"end":{"line":191,"column":50}},{"start":{"line":191,"column":54},"end":{"line":191,"column":103}}],"line":191},"19":{"loc":{"start":{"line":198,"column":4},"end":{"line":210,"column":5}},"type":"if","locations":[{"start":{"line":198,"column":4},"end":{"line":210,"column":5}},{"start":{},"end":{}}],"line":198},"20":{"loc":{"start":{"line":202,"column":8},"end":{"line":205,"column":9}},"type":"if","locations":[{"start":{"line":202,"column":8},"end":{"line":205,"column":9}},{"start":{},"end":{}}],"line":202},"21":{"loc":{"start":{"line":202,"column":12},"end":{"line":202,"column":43}},"type":"binary-expr","locations":[{"start":{"line":202,"column":12},"end":{"line":202,"column":26}},{"start":{"line":202,"column":30},"end":{"line":202,"column":43}}],"line":202},"22":{"loc":{"start":{"line":206,"column":8},"end":{"line":209,"column":9}},"type":"if","locations":[{"start":{"line":206,"column":8},"end":{"line":209,"column":9}},{"start":{},"end":{}}],"line":206},"23":{"loc":{"start":{"line":213,"column":4},"end":{"line":216,"column":5}},"type":"if","locations":[{"start":{"line":213,"column":4},"end":{"line":216,"column":5}},{"start":{},"end":{}}],"line":213},"24":{"loc":{"start":{"line":213,"column":8},"end":{"line":213,"column":44}},"type":"binary-expr","locations":[{"start":{"line":213,"column":8},"end":{"line":213,"column":26}},{"start":{"line":213,"column":30},"end":{"line":213,"column":44}}],"line":213},"25":{"loc":{"start":{"line":219,"column":4},"end":{"line":222,"column":5}},"type":"if","locations":[{"start":{"line":219,"column":4},"end":{"line":222,"column":5}},{"start":{},"end":{}}],"line":219},"26":{"loc":{"start":{"line":226,"column":4},"end":{"line":229,"column":5}},"type":"if","locations":[{"start":{"line":226,"column":4},"end":{"line":229,"column":5}},{"start":{},"end":{}}],"line":226},"27":{"loc":{"start":{"line":226,"column":8},"end":{"line":226,"column":48}},"type":"binary-expr","locations":[{"start":{"line":226,"column":8},"end":{"line":226,"column":28}},{"start":{"line":226,"column":32},"end":{"line":226,"column":48}}],"line":226},"28":{"loc":{"start":{"line":240,"column":4},"end":{"line":244,"column":5}},"type":"if","locations":[{"start":{"line":240,"column":4},"end":{"line":244,"column":5}},{"start":{},"end":{}}],"line":240},"29":{"loc":{"start":{"line":254,"column":4},"end":{"line":258,"column":5}},"type":"if","locations":[{"start":{"line":254,"column":4},"end":{"line":258,"column":5}},{"start":{},"end":{}}],"line":254},"30":{"loc":{"start":{"line":263,"column":27},"end":{"line":263,"column":79}},"type":"cond-expr","locations":[{"start":{"line":263,"column":49},"end":{"line":263,"column":75}},{"start":{"line":263,"column":78},"end":{"line":263,"column":79}}],"line":263},"31":{"loc":{"start":{"line":264,"column":27},"end":{"line":264,"column":79}},"type":"cond-expr","locations":[{"start":{"line":264,"column":49},"end":{"line":264,"column":73}},{"start":{"line":264,"column":78},"end":{"line":264,"column":79}}],"line":264},"32":{"loc":{"start":{"line":265,"column":4},"end":{"line":268,"column":5}},"type":"if","locations":[{"start":{"line":265,"column":4},"end":{"line":268,"column":5}},{"start":{},"end":{}}],"line":265},"33":{"loc":{"start":{"line":284,"column":48},"end":{"line":284,"column":89}},"type":"if","locations":[{"start":{"line":284,"column":48},"end":{"line":284,"column":89}},{"start":{},"end":{}}],"line":284},"34":{"loc":{"start":{"line":286,"column":4},"end":{"line":286,"column":72}},"type":"if","locations":[{"start":{"line":286,"column":4},"end":{"line":286,"column":72}},{"start":{},"end":{}}],"line":286},"35":{"loc":{"start":{"line":286,"column":8},"end":{"line":286,"column":57}},"type":"binary-expr","locations":[{"start":{"line":286,"column":8},"end":{"line":286,"column":14}},{"start":{"line":286,"column":18},"end":{"line":286,"column":57}}],"line":286},"36":{"loc":{"start":{"line":297,"column":16},"end":{"line":297,"column":74}},"type":"cond-expr","locations":[{"start":{"line":297,"column":42},"end":{"line":297,"column":51}},{"start":{"line":297,"column":54},"end":{"line":297,"column":74}}],"line":297},"37":{"loc":{"start":{"line":298,"column":4},"end":{"line":298,"column":69}},"type":"if","locations":[{"start":{"line":298,"column":4},"end":{"line":298,"column":69}},{"start":{},"end":{}}],"line":298},"38":{"loc":{"start":{"line":299,"column":4},"end":{"line":299,"column":69}},"type":"if","locations":[{"start":{"line":299,"column":4},"end":{"line":299,"column":69}},{"start":{},"end":{}}],"line":299},"39":{"loc":{"start":{"line":300,"column":4},"end":{"line":300,"column":68}},"type":"if","locations":[{"start":{"line":300,"column":4},"end":{"line":300,"column":68}},{"start":{},"end":{}}],"line":300}},"s":{"0":3,"1":3,"2":3,"3":3,"4":3,"5":3,"6":3,"7":3,"8":2372,"9":2372,"10":977,"11":1395,"12":1395,"13":1395,"14":1395,"15":42,"16":42,"17":2,"18":40,"19":2364,"20":40,"21":0,"22":40,"23":2361,"24":40,"25":9,"26":42,"27":42,"28":42,"29":42,"30":42,"31":2497,"32":42,"33":42,"34":2,"35":40,"36":3,"37":37,"38":37,"39":37,"40":1369,"41":45,"42":37,"43":5,"44":5,"45":5,"46":37,"47":37,"48":343,"49":5,"50":5,"51":37,"52":37,"53":37,"54":483,"55":4,"56":4,"57":37,"58":37,"59":10,"60":10,"61":37,"62":37,"63":37,"64":2320,"65":52936,"66":36,"67":37,"68":4,"69":4,"70":4,"71":37,"72":37,"73":32,"74":4,"75":4,"76":37,"77":255,"78":255,"79":37,"80":32,"81":207,"82":32,"83":207,"84":32,"85":207,"86":32,"87":14,"88":14,"89":32,"90":1,"91":1,"92":37,"93":1,"94":1,"95":37,"96":2,"97":2,"98":37,"99":37,"100":29,"101":29,"102":37,"103":37,"104":370,"105":37,"106":4,"107":4,"108":4,"109":37,"110":37,"111":407,"112":37,"113":4,"114":4,"115":4,"116":37,"117":37,"118":37,"119":37,"120":2,"121":2,"122":37,"123":10,"124":10,"125":50,"126":10,"127":10,"128":10,"129":3,"130":10,"131":9,"132":9,"133":3,"134":6,"135":3,"136":3,"137":2,"138":1,"139":3},"f":{"0":2372,"1":42,"2":2364,"3":2361,"4":9,"5":42,"6":2497,"7":1369,"8":343,"9":483,"10":2320,"11":52936,"12":32,"13":255,"14":255,"15":207,"16":207,"17":207,"18":370,"19":407,"20":10,"21":50,"22":9},"b":{"0":[977,1395],"1":[1395,0],"2":[2,40],"3":[0,40],"4":[40,40],"5":[42,40],"6":[2,40],"7":[3,37],"8":[45,1324],"9":[5,32],"10":[5,32],"11":[4,33],"12":[10,27],"13":[37,14,4],"14":[36,2284],"15":[4,33],"16":[37,18],"17":[4,33],"18":[37,14,4],"19":[32,5],"20":[14,18],"21":[32,18],"22":[1,31],"23":[1,36],"24":[37,1],"25":[2,35],"26":[29,8],"27":[37,37],"28":[4,33],"29":[4,33],"30":[2,35],"31":[1,36],"32":[2,35],"33":[10,40],"34":[3,7],"35":[10,7],"36":[7,2],"37":[3,6],"38":[3,3],"39":[2,1]},"_coverageSchema":"1a1c01bbd47fc00a2c39e90264f33305004495a9","hash":"3ebb403508c78b11070590660c8de2b16fe6303a"}
}
