TN:
SF:tests/detection-logic.js
FN:47,countSyllables
FN:62,computeReadabilityScore
FN:65,(anonymous_2)
FN:67,(anonymous_3)
FN:76,escapeHTML
FN:97,computeAIScore
FN:102,(anonymous_6)
FN:131,(anonymous_7)
FN:146,(anonymous_8)
FN:160,(anonymous_9)
FN:182,(anonymous_10)
FN:182,(anonymous_11)
FN:191,(anonymous_12)
FN:197,(anonymous_13)
FN:197,(anonymous_14)
FN:199,(anonymous_15)
FN:200,(anonymous_16)
FN:201,(anonymous_17)
FN:239,(anonymous_18)
FN:253,(anonymous_19)
FN:282,computeUsernameBotScore
FN:284,(anonymous_21)
FN:296,getAIConfidenceTier
FNF:23
FNH:23
FNDA:2372,countSyllables
FNDA:42,computeReadabilityScore
FNDA:2364,(anonymous_2)
FNDA:2361,(anonymous_3)
FNDA:9,escapeHTML
FNDA:42,computeAIScore
FNDA:2497,(anonymous_6)
FNDA:1369,(anonymous_7)
FNDA:343,(anonymous_8)
FNDA:483,(anonymous_9)
FNDA:2320,(anonymous_10)
FNDA:52936,(anonymous_11)
FNDA:32,(anonymous_12)
FNDA:255,(anonymous_13)
FNDA:255,(anonymous_14)
FNDA:207,(anonymous_15)
FNDA:207,(anonymous_16)
FNDA:207,(anonymous_17)
FNDA:370,(anonymous_18)
FNDA:407,(anonymous_19)
FNDA:10,computeUsernameBotScore
FNDA:50,(anonymous_21)
FNDA:9,getAIConfidenceTier
DA:17,3
DA:18,3
DA:19,3
DA:20,3
DA:21,3
DA:23,3
DA:31,3
DA:36,3
DA:48,2372
DA:49,2372
DA:50,1395
DA:51,1395
DA:52,1395
DA:53,1395
DA:63,42
DA:64,42
DA:65,2364
DA:66,40
DA:67,2361
DA:68,40
DA:77,9
DA:98,42
DA:99,42
DA:100,42
DA:101,42
DA:102,2497
DA:103,42
DA:105,42
DA:108,40
DA:109,3
DA:113,37
DA:130,37
DA:131,1369
DA:132,37
DA:133,5
DA:134,5
DA:135,5
DA:139,37
DA:146,343
DA:147,5
DA:148,5
DA:152,37
DA:153,37
DA:160,483
DA:161,4
DA:162,4
DA:166,37
DA:167,37
DA:168,10
DA:169,10
DA:173,37
DA:181,37
DA:182,52936
DA:183,37
DA:184,4
DA:185,4
DA:186,4
DA:190,37
DA:191,37
DA:192,4
DA:193,4
DA:197,255
DA:198,37
DA:199,207
DA:200,207
DA:201,207
DA:202,32
DA:203,14
DA:204,14
DA:206,32
DA:207,1
DA:208,1
DA:213,37
DA:214,1
DA:215,1
DA:219,37
DA:220,2
DA:221,2
DA:225,37
DA:226,37
DA:227,29
DA:228,29
DA:232,37
DA:239,370
DA:240,37
DA:241,4
DA:242,4
DA:243,4
DA:247,37
DA:253,407
DA:254,37
DA:255,4
DA:256,4
DA:257,4
DA:261,37
DA:262,37
DA:263,37
DA:265,37
DA:266,2
DA:267,2
DA:270,37
DA:283,10
DA:284,50
DA:285,10
DA:286,10
DA:287,10
DA:297,9
DA:298,9
DA:299,6
DA:300,3
DA:301,1
DA:307,3
LF:112
LH:112
BRDA:49,0,0,977
BRDA:49,0,1,1395
BRDA:53,1,0,1395
BRDA:53,1,1,0
BRDA:64,2,0,2
BRDA:64,2,1,40
BRDA:66,3,0,0
BRDA:66,3,1,40
BRDA:66,4,0,40
BRDA:66,4,1,40
BRDA:98,5,0,42
BRDA:98,5,1,40
BRDA:105,6,0,2
BRDA:105,6,1,40
BRDA:108,7,0,3
BRDA:108,7,1,37
BRDA:131,8,0,45
BRDA:131,8,1,1324
BRDA:132,9,0,5
BRDA:132,9,1,32
BRDA:146,10,0,5
BRDA:146,10,1,32
BRDA:160,11,0,4
BRDA:160,11,1,33
BRDA:167,12,0,10
BRDA:167,12,1,27
BRDA:167,13,0,37
BRDA:167,13,1,14
BRDA:167,13,2,4
BRDA:182,14,0,36
BRDA:182,14,1,2284
BRDA:183,15,0,4
BRDA:183,15,1,33
BRDA:183,16,0,37
BRDA:183,16,1,18
BRDA:191,17,0,4
BRDA:191,17,1,33
BRDA:191,18,0,37
BRDA:191,18,1,14
BRDA:191,18,2,4
BRDA:198,19,0,32
BRDA:198,19,1,5
BRDA:202,20,0,14
BRDA:202,20,1,18
BRDA:202,21,0,32
BRDA:202,21,1,18
BRDA:206,22,0,1
BRDA:206,22,1,31
BRDA:213,23,0,1
BRDA:213,23,1,36
BRDA:213,24,0,37
BRDA:213,24,1,1
BRDA:219,25,0,2
BRDA:219,25,1,35
BRDA:226,26,0,29
BRDA:226,26,1,8
BRDA:226,27,0,37
BRDA:226,27,1,37
BRDA:240,28,0,4
BRDA:240,28,1,33
BRDA:254,29,0,4
BRDA:254,29,1,33
BRDA:263,30,0,2
BRDA:263,30,1,35
BRDA:264,31,0,1
BRDA:264,31,1,36
BRDA:265,32,0,2
BRDA:265,32,1,35
BRDA:284,33,0,10
BRDA:284,33,1,40
BRDA:286,34,0,3
BRDA:286,34,1,7
BRDA:286,35,0,10
BRDA:286,35,1,7
BRDA:297,36,0,7
BRDA:297,36,1,2
BRDA:298,37,0,3
BRDA:298,37,1,6
BRDA:299,38,0,3
BRDA:299,38,1,3
BRDA:300,39,0,2
BRDA:300,39,1,1
BRF:82
BRH:80
end_of_record
